{"C:\\Users\\User\\Documents\\Dicoding\\backend\\expert\\auth-api\\src\\Applications\\security\\PasswordHash.js": {"path":"C:\\Users\\User\\Documents\\Dicoding\\backend\\expert\\auth-api\\src\\Applications\\security\\PasswordHash.js","statementMap":{"0":{"start":{"line":3,"column":6},"end":{"line":3,"column":62}},"1":{"start":{"line":7,"column":2},"end":{"line":7,"column":32}}},"fnMap":{"0":{"name":"(anonymous_0)","decl":{"start":{"line":2,"column":4},"end":{"line":2,"column":5}},"loc":{"start":{"line":2,"column":25},"end":{"line":4,"column":5}},"line":2}},"branchMap":{},"s":{"0":1,"1":4},"f":{"0":1},"b":{},"_coverageSchema":"1a1c01bbd47fc00a2c39e90264f33305004495a9","hash":"fc4ecb7e68d8d5dd2a59df0b187c96b7486ea9f7"}
,"C:\\Users\\User\\Documents\\Dicoding\\backend\\expert\\auth-api\\src\\Applications\\use_case\\AddUserUseCase.js": {"path":"C:\\Users\\User\\Documents\\Dicoding\\backend\\expert\\auth-api\\src\\Applications\\use_case\\AddUserUseCase.js","statementMap":{"0":{"start":{"line":1,"column":21},"end":{"line":1,"column":73}},"1":{"start":{"line":5,"column":4},"end":{"line":5,"column":42}},"2":{"start":{"line":6,"column":4},"end":{"line":6,"column":38}},"3":{"start":{"line":10,"column":25},"end":{"line":10,"column":57}},"4":{"start":{"line":11,"column":4},"end":{"line":11,"column":78}},"5":{"start":{"line":12,"column":4},"end":{"line":12,"column":81}},"6":{"start":{"line":13,"column":4},"end":{"line":13,"column":54}},"7":{"start":{"line":17,"column":0},"end":{"line":17,"column":32}}},"fnMap":{"0":{"name":"(anonymous_0)","decl":{"start":{"line":4,"column":2},"end":{"line":4,"column":3}},"loc":{"start":{"line":4,"column":48},"end":{"line":7,"column":3}},"line":4},"1":{"name":"(anonymous_1)","decl":{"start":{"line":9,"column":2},"end":{"line":9,"column":3}},"loc":{"start":{"line":9,"column":32},"end":{"line":14,"column":3}},"line":9}},"branchMap":{},"s":{"0":2,"1":2,"2":2,"3":7,"4":3,"5":2,"6":2,"7":2},"f":{"0":2,"1":7},"b":{},"_coverageSchema":"1a1c01bbd47fc00a2c39e90264f33305004495a9","hash":"32986a901a43a4e0fa80c850960b2fa46ae48331"}
,"C:\\Users\\User\\Documents\\Dicoding\\backend\\expert\\auth-api\\src\\Commons\\config.js": {"path":"C:\\Users\\User\\Documents\\Dicoding\\backend\\expert\\auth-api\\src\\Commons\\config.js","statementMap":{"0":{"start":{"line":1,"column":15},"end":{"line":1,"column":32}},"1":{"start":{"line":2,"column":13},"end":{"line":2,"column":28}},"2":{"start":{"line":4,"column":0},"end":{"line":10,"column":1}},"3":{"start":{"line":5,"column":2},"end":{"line":7,"column":5}},"4":{"start":{"line":9,"column":2},"end":{"line":9,"column":18}},"5":{"start":{"line":12,"column":15},"end":{"line":25,"column":1}},"6":{"start":{"line":27,"column":0},"end":{"line":27,"column":24}}},"fnMap":{},"branchMap":{"0":{"loc":{"start":{"line":4,"column":0},"end":{"line":10,"column":1}},"type":"if","locations":[{"start":{"line":4,"column":0},"end":{"line":10,"column":1}},{"start":{"line":8,"column":7},"end":{"line":10,"column":1}}],"line":4},"1":{"loc":{"start":{"line":14,"column":10},"end":{"line":14,"column":73}},"type":"cond-expr","locations":[{"start":{"line":14,"column":50},"end":{"line":14,"column":61}},{"start":{"line":14,"column":64},"end":{"line":14,"column":73}}],"line":14},"2":{"loc":{"start":{"line":16,"column":11},"end":{"line":16,"column":79}},"type":"cond-expr","locations":[{"start":{"line":16,"column":52},"end":{"line":16,"column":74}},{"start":{"line":16,"column":77},"end":{"line":16,"column":79}}],"line":16}},"s":{"0":2,"1":2,"2":2,"3":2,"4":0,"5":2,"6":2},"f":{},"b":{"0":[2,0],"1":[2,0],"2":[0,2]},"_coverageSchema":"1a1c01bbd47fc00a2c39e90264f33305004495a9","hash":"3a45b280f924c69fc37de19f315e1e3aac4cb714"}
,"C:\\Users\\User\\Documents\\Dicoding\\backend\\expert\\auth-api\\src\\Commons\\exceptions\\AuthenticationError.js": {"path":"C:\\Users\\User\\Documents\\Dicoding\\backend\\expert\\auth-api\\src\\Commons\\exceptions\\AuthenticationError.js","statementMap":{"0":{"start":{"line":1,"column":20},"end":{"line":1,"column":44}},"1":{"start":{"line":5,"column":4},"end":{"line":5,"column":24}},"2":{"start":{"line":6,"column":4},"end":{"line":6,"column":38}},"3":{"start":{"line":10,"column":0},"end":{"line":10,"column":37}}},"fnMap":{"0":{"name":"(anonymous_0)","decl":{"start":{"line":4,"column":2},"end":{"line":4,"column":3}},"loc":{"start":{"line":4,"column":23},"end":{"line":7,"column":3}},"line":4}},"branchMap":{},"s":{"0":1,"1":1,"2":1,"3":1},"f":{"0":1},"b":{},"_coverageSchema":"1a1c01bbd47fc00a2c39e90264f33305004495a9","hash":"074a1c1e11c0524202dac91410776cc071ecd400"}
,"C:\\Users\\User\\Documents\\Dicoding\\backend\\expert\\auth-api\\src\\Commons\\exceptions\\ClientError.js": {"path":"C:\\Users\\User\\Documents\\Dicoding\\backend\\expert\\auth-api\\src\\Commons\\exceptions\\ClientError.js","statementMap":{"0":{"start":{"line":3,"column":8},"end":{"line":3,"column":23}},"1":{"start":{"line":5,"column":8},"end":{"line":7,"column":9}},"2":{"start":{"line":6,"column":12},"end":{"line":6,"column":65}},"3":{"start":{"line":9,"column":8},"end":{"line":9,"column":37}},"4":{"start":{"line":10,"column":8},"end":{"line":10,"column":34}},"5":{"start":{"line":14,"column":0},"end":{"line":14,"column":29}}},"fnMap":{"0":{"name":"(anonymous_0)","decl":{"start":{"line":2,"column":4},"end":{"line":2,"column":5}},"loc":{"start":{"line":2,"column":44},"end":{"line":11,"column":5}},"line":2}},"branchMap":{"0":{"loc":{"start":{"line":2,"column":25},"end":{"line":2,"column":41}},"type":"default-arg","locations":[{"start":{"line":2,"column":38},"end":{"line":2,"column":41}}],"line":2},"1":{"loc":{"start":{"line":5,"column":8},"end":{"line":7,"column":9}},"type":"if","locations":[{"start":{"line":5,"column":8},"end":{"line":7,"column":9}},{"start":{},"end":{}}],"line":5}},"s":{"0":18,"1":18,"2":1,"3":17,"4":17,"5":7},"f":{"0":18},"b":{"0":[16],"1":[1,17]},"_coverageSchema":"1a1c01bbd47fc00a2c39e90264f33305004495a9","hash":"f560493f237d7d9c703f442058cfd2736801e3f2"}
,"C:\\Users\\User\\Documents\\Dicoding\\backend\\expert\\auth-api\\src\\Commons\\exceptions\\DomainErrorTranslator.js": {"path":"C:\\Users\\User\\Documents\\Dicoding\\backend\\expert\\auth-api\\src\\Commons\\exceptions\\DomainErrorTranslator.js","statementMap":{"0":{"start":{"line":1,"column":23},"end":{"line":1,"column":50}},"1":{"start":{"line":3,"column":30},"end":{"line":7,"column":1}},"2":{"start":{"line":5,"column":4},"end":{"line":5,"column":70}},"3":{"start":{"line":9,"column":0},"end":{"line":14,"column":2}},"4":{"start":{"line":16,"column":0},"end":{"line":16,"column":39}}},"fnMap":{"0":{"name":"(anonymous_0)","decl":{"start":{"line":4,"column":2},"end":{"line":4,"column":3}},"loc":{"start":{"line":4,"column":19},"end":{"line":6,"column":3}},"line":4}},"branchMap":{"0":{"loc":{"start":{"line":5,"column":11},"end":{"line":5,"column":69}},"type":"binary-expr","locations":[{"start":{"line":5,"column":11},"end":{"line":5,"column":60}},{"start":{"line":5,"column":64},"end":{"line":5,"column":69}}],"line":5}},"s":{"0":2,"1":2,"2":12,"3":2,"4":2},"f":{"0":12},"b":{"0":[12,4]},"_coverageSchema":"1a1c01bbd47fc00a2c39e90264f33305004495a9","hash":"d7626b84002d9ceb3f7ab791a444d91e10221ba1"}
,"C:\\Users\\User\\Documents\\Dicoding\\backend\\expert\\auth-api\\src\\Commons\\exceptions\\InvariantError.js": {"path":"C:\\Users\\User\\Documents\\Dicoding\\backend\\expert\\auth-api\\src\\Commons\\exceptions\\InvariantError.js","statementMap":{"0":{"start":{"line":1,"column":20},"end":{"line":1,"column":44}},"1":{"start":{"line":5,"column":4},"end":{"line":5,"column":19}},"2":{"start":{"line":6,"column":4},"end":{"line":6,"column":33}},"3":{"start":{"line":10,"column":0},"end":{"line":10,"column":32}}},"fnMap":{"0":{"name":"(anonymous_0)","decl":{"start":{"line":4,"column":2},"end":{"line":4,"column":3}},"loc":{"start":{"line":4,"column":23},"end":{"line":7,"column":3}},"line":4}},"branchMap":{},"s":{"0":4,"1":15,"2":15,"3":4},"f":{"0":15},"b":{},"_coverageSchema":"1a1c01bbd47fc00a2c39e90264f33305004495a9","hash":"5bc1b0bb530a10867acb90f477508c54a5f2cd78"}
,"C:\\Users\\User\\Documents\\Dicoding\\backend\\expert\\auth-api\\src\\Commons\\exceptions\\NotFoundError.js": {"path":"C:\\Users\\User\\Documents\\Dicoding\\backend\\expert\\auth-api\\src\\Commons\\exceptions\\NotFoundError.js","statementMap":{"0":{"start":{"line":1,"column":20},"end":{"line":1,"column":44}},"1":{"start":{"line":5,"column":4},"end":{"line":5,"column":24}},"2":{"start":{"line":6,"column":4},"end":{"line":6,"column":32}},"3":{"start":{"line":10,"column":0},"end":{"line":10,"column":31}}},"fnMap":{"0":{"name":"(anonymous_0)","decl":{"start":{"line":4,"column":2},"end":{"line":4,"column":3}},"loc":{"start":{"line":4,"column":23},"end":{"line":7,"column":3}},"line":4}},"branchMap":{},"s":{"0":1,"1":1,"2":1,"3":1},"f":{"0":1},"b":{},"_coverageSchema":"1a1c01bbd47fc00a2c39e90264f33305004495a9","hash":"f53b55f06b7eb45448b611328c8db60b003813bc"}
,"C:\\Users\\User\\Documents\\Dicoding\\backend\\expert\\auth-api\\src\\Domains\\threads\\entities\\AddThread.js": {"path":"C:\\Users\\User\\Documents\\Dicoding\\backend\\expert\\auth-api\\src\\Domains\\threads\\entities\\AddThread.js","statementMap":{"0":{"start":{"line":3,"column":6},"end":{"line":3,"column":35}},"1":{"start":{"line":5,"column":37},"end":{"line":5,"column":44}},"2":{"start":{"line":7,"column":6},"end":{"line":7,"column":25}},"3":{"start":{"line":8,"column":6},"end":{"line":8,"column":23}},"4":{"start":{"line":9,"column":6},"end":{"line":9,"column":25}},"5":{"start":{"line":13,"column":8},"end":{"line":15,"column":9}},"6":{"start":{"line":14,"column":10},"end":{"line":14,"column":68}},"7":{"start":{"line":17,"column":8},"end":{"line":19,"column":9}},"8":{"start":{"line":18,"column":10},"end":{"line":18,"column":73}},"9":{"start":{"line":21,"column":8},"end":{"line":23,"column":9}},"10":{"start":{"line":22,"column":10},"end":{"line":22,"column":57}},"11":{"start":{"line":27,"column":0},"end":{"line":27,"column":27}}},"fnMap":{"0":{"name":"(anonymous_0)","decl":{"start":{"line":2,"column":4},"end":{"line":2,"column":5}},"loc":{"start":{"line":2,"column":25},"end":{"line":10,"column":5}},"line":2},"1":{"name":"(anonymous_1)","decl":{"start":{"line":12,"column":4},"end":{"line":12,"column":5}},"loc":{"start":{"line":12,"column":43},"end":{"line":24,"column":5}},"line":12}},"branchMap":{"0":{"loc":{"start":{"line":13,"column":8},"end":{"line":15,"column":9}},"type":"if","locations":[{"start":{"line":13,"column":8},"end":{"line":15,"column":9}},{"start":{},"end":{}}],"line":13},"1":{"loc":{"start":{"line":13,"column":12},"end":{"line":13,"column":37}},"type":"binary-expr","locations":[{"start":{"line":13,"column":12},"end":{"line":13,"column":18}},{"start":{"line":13,"column":22},"end":{"line":13,"column":27}},{"start":{"line":13,"column":31},"end":{"line":13,"column":37}}],"line":13},"2":{"loc":{"start":{"line":17,"column":8},"end":{"line":19,"column":9}},"type":"if","locations":[{"start":{"line":17,"column":8},"end":{"line":19,"column":9}},{"start":{},"end":{}}],"line":17},"3":{"loc":{"start":{"line":17,"column":12},"end":{"line":17,"column":94}},"type":"binary-expr","locations":[{"start":{"line":17,"column":12},"end":{"line":17,"column":37}},{"start":{"line":17,"column":41},"end":{"line":17,"column":65}},{"start":{"line":17,"column":69},"end":{"line":17,"column":94}}],"line":17},"4":{"loc":{"start":{"line":21,"column":8},"end":{"line":23,"column":9}},"type":"if","locations":[{"start":{"line":21,"column":8},"end":{"line":23,"column":9}},{"start":{},"end":{}}],"line":21}},"s":{"0":8,"1":1,"2":1,"3":1,"4":1,"5":8,"6":3,"7":5,"8":3,"9":2,"10":1,"11":1},"f":{"0":8,"1":8},"b":{"0":[3,5],"1":[8,7,5],"2":[3,2],"3":[5,3,2],"4":[1,1]},"_coverageSchema":"1a1c01bbd47fc00a2c39e90264f33305004495a9","hash":"4660fc2cd34bf24f2e3ab8ea3c253301c1a88c98"}
,"C:\\Users\\User\\Documents\\Dicoding\\backend\\expert\\auth-api\\src\\Domains\\users\\UserRepository.js": {"path":"C:\\Users\\User\\Documents\\Dicoding\\backend\\expert\\auth-api\\src\\Domains\\users\\UserRepository.js","statementMap":{"0":{"start":{"line":3,"column":6},"end":{"line":3,"column":64}},"1":{"start":{"line":7,"column":6},"end":{"line":7,"column":64}},"2":{"start":{"line":11,"column":2},"end":{"line":11,"column":34}}},"fnMap":{"0":{"name":"(anonymous_0)","decl":{"start":{"line":2,"column":4},"end":{"line":2,"column":5}},"loc":{"start":{"line":2,"column":32},"end":{"line":4,"column":5}},"line":2},"1":{"name":"(anonymous_1)","decl":{"start":{"line":6,"column":4},"end":{"line":6,"column":5}},"loc":{"start":{"line":6,"column":44},"end":{"line":8,"column":5}},"line":6}},"branchMap":{},"s":{"0":1,"1":1,"2":4},"f":{"0":1,"1":1},"b":{},"_coverageSchema":"1a1c01bbd47fc00a2c39e90264f33305004495a9","hash":"fa838535ff2916e50b345f0ca569372338538903"}
,"C:\\Users\\User\\Documents\\Dicoding\\backend\\expert\\auth-api\\src\\Domains\\users\\entities\\RegisterUser.js": {"path":"C:\\Users\\User\\Documents\\Dicoding\\backend\\expert\\auth-api\\src\\Domains\\users\\entities\\RegisterUser.js","statementMap":{"0":{"start":{"line":3,"column":6},"end":{"line":3,"column":35}},"1":{"start":{"line":5,"column":47},"end":{"line":5,"column":54}},"2":{"start":{"line":7,"column":6},"end":{"line":7,"column":31}},"3":{"start":{"line":8,"column":6},"end":{"line":8,"column":31}},"4":{"start":{"line":9,"column":6},"end":{"line":9,"column":31}},"5":{"start":{"line":13,"column":6},"end":{"line":15,"column":7}},"6":{"start":{"line":14,"column":8},"end":{"line":14,"column":69}},"7":{"start":{"line":17,"column":6},"end":{"line":19,"column":7}},"8":{"start":{"line":18,"column":8},"end":{"line":18,"column":74}},"9":{"start":{"line":21,"column":6},"end":{"line":23,"column":7}},"10":{"start":{"line":22,"column":8},"end":{"line":22,"column":61}},"11":{"start":{"line":25,"column":6},"end":{"line":27,"column":7}},"12":{"start":{"line":26,"column":8},"end":{"line":26,"column":79}},"13":{"start":{"line":31,"column":2},"end":{"line":31,"column":32}}},"fnMap":{"0":{"name":"(anonymous_0)","decl":{"start":{"line":2,"column":4},"end":{"line":2,"column":5}},"loc":{"start":{"line":2,"column":25},"end":{"line":10,"column":5}},"line":2},"1":{"name":"(anonymous_1)","decl":{"start":{"line":12,"column":4},"end":{"line":12,"column":5}},"loc":{"start":{"line":12,"column":53},"end":{"line":28,"column":5}},"line":12}},"branchMap":{"0":{"loc":{"start":{"line":13,"column":6},"end":{"line":15,"column":7}},"type":"if","locations":[{"start":{"line":13,"column":6},"end":{"line":15,"column":7}},{"start":{},"end":{}}],"line":13},"1":{"loc":{"start":{"line":13,"column":10},"end":{"line":13,"column":45}},"type":"binary-expr","locations":[{"start":{"line":13,"column":10},"end":{"line":13,"column":19}},{"start":{"line":13,"column":23},"end":{"line":13,"column":32}},{"start":{"line":13,"column":36},"end":{"line":13,"column":45}}],"line":13},"2":{"loc":{"start":{"line":17,"column":6},"end":{"line":19,"column":7}},"type":"if","locations":[{"start":{"line":17,"column":6},"end":{"line":19,"column":7}},{"start":{},"end":{}}],"line":17},"3":{"loc":{"start":{"line":17,"column":10},"end":{"line":17,"column":102}},"type":"binary-expr","locations":[{"start":{"line":17,"column":10},"end":{"line":17,"column":38}},{"start":{"line":17,"column":42},"end":{"line":17,"column":70}},{"start":{"line":17,"column":74},"end":{"line":17,"column":102}}],"line":17},"4":{"loc":{"start":{"line":21,"column":6},"end":{"line":23,"column":7}},"type":"if","locations":[{"start":{"line":21,"column":6},"end":{"line":23,"column":7}},{"start":{},"end":{}}],"line":21},"5":{"loc":{"start":{"line":25,"column":6},"end":{"line":27,"column":7}},"type":"if","locations":[{"start":{"line":25,"column":6},"end":{"line":27,"column":7}},{"start":{},"end":{}}],"line":25}},"s":{"0":15,"1":7,"2":7,"3":7,"4":7,"5":15,"6":2,"7":13,"8":2,"9":11,"10":2,"11":9,"12":2,"13":4},"f":{"0":15,"1":15},"b":{"0":[2,13],"1":[15,14,14],"2":[2,11],"3":[13,12,12],"4":[2,9],"5":[2,7]},"_coverageSchema":"1a1c01bbd47fc00a2c39e90264f33305004495a9","hash":"48b4690356f83b2b8821a00f60636aad6b389487"}
,"C:\\Users\\User\\Documents\\Dicoding\\backend\\expert\\auth-api\\src\\Domains\\users\\entities\\RegisteredUser.js": {"path":"C:\\Users\\User\\Documents\\Dicoding\\backend\\expert\\auth-api\\src\\Domains\\users\\entities\\RegisteredUser.js","statementMap":{"0":{"start":{"line":3,"column":6},"end":{"line":3,"column":35}},"1":{"start":{"line":5,"column":41},"end":{"line":5,"column":48}},"2":{"start":{"line":7,"column":6},"end":{"line":7,"column":19}},"3":{"start":{"line":8,"column":6},"end":{"line":8,"column":31}},"4":{"start":{"line":9,"column":6},"end":{"line":9,"column":31}},"5":{"start":{"line":13,"column":6},"end":{"line":15,"column":7}},"6":{"start":{"line":14,"column":8},"end":{"line":14,"column":71}},"7":{"start":{"line":17,"column":6},"end":{"line":19,"column":7}},"8":{"start":{"line":18,"column":8},"end":{"line":18,"column":76}},"9":{"start":{"line":23,"column":2},"end":{"line":23,"column":34}}},"fnMap":{"0":{"name":"(anonymous_0)","decl":{"start":{"line":2,"column":4},"end":{"line":2,"column":5}},"loc":{"start":{"line":2,"column":25},"end":{"line":10,"column":5}},"line":2},"1":{"name":"(anonymous_1)","decl":{"start":{"line":12,"column":4},"end":{"line":12,"column":5}},"loc":{"start":{"line":12,"column":47},"end":{"line":20,"column":5}},"line":12}},"branchMap":{"0":{"loc":{"start":{"line":13,"column":6},"end":{"line":15,"column":7}},"type":"if","locations":[{"start":{"line":13,"column":6},"end":{"line":15,"column":7}},{"start":{},"end":{}}],"line":13},"1":{"loc":{"start":{"line":13,"column":10},"end":{"line":13,"column":39}},"type":"binary-expr","locations":[{"start":{"line":13,"column":10},"end":{"line":13,"column":13}},{"start":{"line":13,"column":17},"end":{"line":13,"column":26}},{"start":{"line":13,"column":30},"end":{"line":13,"column":39}}],"line":13},"2":{"loc":{"start":{"line":17,"column":6},"end":{"line":19,"column":7}},"type":"if","locations":[{"start":{"line":17,"column":6},"end":{"line":19,"column":7}},{"start":{},"end":{}}],"line":17},"3":{"loc":{"start":{"line":17,"column":10},"end":{"line":17,"column":96}},"type":"binary-expr","locations":[{"start":{"line":17,"column":10},"end":{"line":17,"column":32}},{"start":{"line":17,"column":36},"end":{"line":17,"column":64}},{"start":{"line":17,"column":68},"end":{"line":17,"column":96}}],"line":17}},"s":{"0":9,"1":7,"2":7,"3":7,"4":7,"5":9,"6":1,"7":8,"8":1,"9":4},"f":{"0":9,"1":9},"b":{"0":[1,8],"1":[9,8,8],"2":[1,7],"3":[8,7,7]},"_coverageSchema":"1a1c01bbd47fc00a2c39e90264f33305004495a9","hash":"8d38aa48b4afbf2a91fd4b007a2042652c0a345f"}
,"C:\\Users\\User\\Documents\\Dicoding\\backend\\expert\\auth-api\\src\\Infrastructures\\http\\createServer.js": {"path":"C:\\Users\\User\\Documents\\Dicoding\\backend\\expert\\auth-api\\src\\Infrastructures\\http\\createServer.js","statementMap":{"0":{"start":{"line":1,"column":13},"end":{"line":1,"column":34}},"1":{"start":{"line":2,"column":20},"end":{"line":2,"column":67}},"2":{"start":{"line":3,"column":30},"end":{"line":3,"column":87}},"3":{"start":{"line":4,"column":14},"end":{"line":4,"column":56}},"4":{"start":{"line":6,"column":21},"end":{"line":52,"column":1}},"5":{"start":{"line":7,"column":17},"end":{"line":10,"column":4}},"6":{"start":{"line":12,"column":2},"end":{"line":17,"column":5}},"7":{"start":{"line":19,"column":2},"end":{"line":49,"column":5}},"8":{"start":{"line":21,"column":25},"end":{"line":21,"column":32}},"9":{"start":{"line":22,"column":4},"end":{"line":46,"column":5}},"10":{"start":{"line":24,"column":30},"end":{"line":24,"column":71}},"11":{"start":{"line":26,"column":6},"end":{"line":33,"column":7}},"12":{"start":{"line":27,"column":28},"end":{"line":30,"column":10}},"13":{"start":{"line":31,"column":8},"end":{"line":31,"column":53}},"14":{"start":{"line":32,"column":8},"end":{"line":32,"column":27}},"15":{"start":{"line":35,"column":6},"end":{"line":37,"column":7}},"16":{"start":{"line":36,"column":8},"end":{"line":36,"column":26}},"17":{"start":{"line":40,"column":26},"end":{"line":43,"column":8}},"18":{"start":{"line":44,"column":6},"end":{"line":44,"column":28}},"19":{"start":{"line":45,"column":6},"end":{"line":45,"column":25}},"20":{"start":{"line":48,"column":4},"end":{"line":48,"column":22}},"21":{"start":{"line":51,"column":2},"end":{"line":51,"column":16}},"22":{"start":{"line":54,"column":0},"end":{"line":54,"column":30}}},"fnMap":{"0":{"name":"(anonymous_0)","decl":{"start":{"line":6,"column":21},"end":{"line":6,"column":22}},"loc":{"start":{"line":6,"column":42},"end":{"line":52,"column":1}},"line":6},"1":{"name":"(anonymous_1)","decl":{"start":{"line":19,"column":30},"end":{"line":19,"column":31}},"loc":{"start":{"line":19,"column":46},"end":{"line":49,"column":3}},"line":19}},"branchMap":{"0":{"loc":{"start":{"line":22,"column":4},"end":{"line":46,"column":5}},"type":"if","locations":[{"start":{"line":22,"column":4},"end":{"line":46,"column":5}},{"start":{},"end":{}}],"line":22},"1":{"loc":{"start":{"line":26,"column":6},"end":{"line":33,"column":7}},"type":"if","locations":[{"start":{"line":26,"column":6},"end":{"line":33,"column":7}},{"start":{},"end":{}}],"line":26},"2":{"loc":{"start":{"line":35,"column":6},"end":{"line":37,"column":7}},"type":"if","locations":[{"start":{"line":35,"column":6},"end":{"line":37,"column":7}},{"start":{},"end":{}}],"line":35}},"s":{"0":1,"1":1,"2":1,"3":1,"4":1,"5":8,"6":8,"7":8,"8":8,"9":8,"10":7,"11":7,"12":5,"13":5,"14":5,"15":2,"16":1,"17":1,"18":1,"19":1,"20":1,"21":8,"22":1},"f":{"0":8,"1":8},"b":{"0":[7,1],"1":[5,2],"2":[1,1]},"_coverageSchema":"1a1c01bbd47fc00a2c39e90264f33305004495a9","hash":"09b9677353230e2448eed3c396146fbb07d80241"}
,"C:\\Users\\User\\Documents\\Dicoding\\backend\\expert\\auth-api\\src\\Infrastructures\\repository\\UserRepositoryPostgres.js": {"path":"C:\\Users\\User\\Documents\\Dicoding\\backend\\expert\\auth-api\\src\\Infrastructures\\repository\\UserRepositoryPostgres.js","statementMap":{"0":{"start":{"line":1,"column":23},"end":{"line":1,"column":73}},"1":{"start":{"line":2,"column":23},"end":{"line":2,"column":77}},"2":{"start":{"line":3,"column":23},"end":{"line":3,"column":68}},"3":{"start":{"line":7,"column":4},"end":{"line":7,"column":12}},"4":{"start":{"line":8,"column":4},"end":{"line":8,"column":22}},"5":{"start":{"line":9,"column":4},"end":{"line":9,"column":36}},"6":{"start":{"line":13,"column":18},"end":{"line":16,"column":5}},"7":{"start":{"line":18,"column":19},"end":{"line":18,"column":48}},"8":{"start":{"line":20,"column":4},"end":{"line":22,"column":5}},"9":{"start":{"line":21,"column":6},"end":{"line":21,"column":58}},"10":{"start":{"line":26,"column":45},"end":{"line":26,"column":57}},"11":{"start":{"line":27,"column":15},"end":{"line":27,"column":44}},"12":{"start":{"line":29,"column":18},"end":{"line":32,"column":5}},"13":{"start":{"line":34,"column":19},"end":{"line":34,"column":48}},"14":{"start":{"line":36,"column":4},"end":{"line":36,"column":53}},"15":{"start":{"line":40,"column":0},"end":{"line":40,"column":40}}},"fnMap":{"0":{"name":"(anonymous_0)","decl":{"start":{"line":6,"column":2},"end":{"line":6,"column":3}},"loc":{"start":{"line":6,"column":33},"end":{"line":10,"column":3}},"line":6},"1":{"name":"(anonymous_1)","decl":{"start":{"line":12,"column":2},"end":{"line":12,"column":3}},"loc":{"start":{"line":12,"column":42},"end":{"line":23,"column":3}},"line":12},"2":{"name":"(anonymous_2)","decl":{"start":{"line":25,"column":2},"end":{"line":25,"column":3}},"loc":{"start":{"line":25,"column":30},"end":{"line":37,"column":3}},"line":25}},"branchMap":{"0":{"loc":{"start":{"line":20,"column":4},"end":{"line":22,"column":5}},"type":"if","locations":[{"start":{"line":20,"column":4},"end":{"line":22,"column":5}},{"start":{},"end":{}}],"line":20}},"s":{"0":2,"1":2,"2":2,"3":5,"4":5,"5":5,"6":4,"7":4,"8":4,"9":2,"10":3,"11":3,"12":3,"13":3,"14":3,"15":2},"f":{"0":5,"1":4,"2":3},"b":{"0":[2,2]},"_coverageSchema":"1a1c01bbd47fc00a2c39e90264f33305004495a9","hash":"f91582ae2b1fada4c1a794b90566ee4ceb4279aa"}
,"C:\\Users\\User\\Documents\\Dicoding\\backend\\expert\\auth-api\\src\\Infrastructures\\security\\BcryptPasswordHash.js": {"path":"C:\\Users\\User\\Documents\\Dicoding\\backend\\expert\\auth-api\\src\\Infrastructures\\security\\BcryptPasswordHash.js","statementMap":{"0":{"start":{"line":1,"column":21},"end":{"line":1,"column":72}},"1":{"start":{"line":5,"column":4},"end":{"line":5,"column":12}},"2":{"start":{"line":6,"column":4},"end":{"line":6,"column":26}},"3":{"start":{"line":7,"column":4},"end":{"line":7,"column":32}},"4":{"start":{"line":11,"column":4},"end":{"line":11,"column":56}},"5":{"start":{"line":15,"column":0},"end":{"line":15,"column":36}}},"fnMap":{"0":{"name":"(anonymous_0)","decl":{"start":{"line":4,"column":2},"end":{"line":4,"column":3}},"loc":{"start":{"line":4,"column":38},"end":{"line":8,"column":3}},"line":4},"1":{"name":"(anonymous_1)","decl":{"start":{"line":10,"column":2},"end":{"line":10,"column":3}},"loc":{"start":{"line":10,"column":23},"end":{"line":12,"column":3}},"line":10}},"branchMap":{"0":{"loc":{"start":{"line":4,"column":22},"end":{"line":4,"column":36}},"type":"default-arg","locations":[{"start":{"line":4,"column":34},"end":{"line":4,"column":36}}],"line":4}},"s":{"0":2,"1":2,"2":2,"3":2,"4":2,"5":2},"f":{"0":2,"1":2},"b":{"0":[2]},"_coverageSchema":"1a1c01bbd47fc00a2c39e90264f33305004495a9","hash":"54d1066964226a006894c41e3352ef420d770e6e"}
,"C:\\Users\\User\\Documents\\Dicoding\\backend\\expert\\auth-api\\src\\Interfaces\\http\\api\\users\\handler.js": {"path":"C:\\Users\\User\\Documents\\Dicoding\\backend\\expert\\auth-api\\src\\Interfaces\\http\\api\\users\\handler.js","statementMap":{"0":{"start":{"line":1,"column":23},"end":{"line":1,"column":82}},"1":{"start":{"line":5,"column":4},"end":{"line":5,"column":32}},"2":{"start":{"line":7,"column":4},"end":{"line":7,"column":59}},"3":{"start":{"line":11,"column":27},"end":{"line":11,"column":75}},"4":{"start":{"line":12,"column":22},"end":{"line":12,"column":67}},"5":{"start":{"line":13,"column":21},"end":{"line":18,"column":6}},"6":{"start":{"line":19,"column":4},"end":{"line":19,"column":23}},"7":{"start":{"line":20,"column":4},"end":{"line":20,"column":20}},"8":{"start":{"line":24,"column":0},"end":{"line":24,"column":30}}},"fnMap":{"0":{"name":"(anonymous_0)","decl":{"start":{"line":4,"column":2},"end":{"line":4,"column":3}},"loc":{"start":{"line":4,"column":25},"end":{"line":8,"column":3}},"line":4},"1":{"name":"(anonymous_1)","decl":{"start":{"line":10,"column":2},"end":{"line":10,"column":3}},"loc":{"start":{"line":10,"column":36},"end":{"line":21,"column":3}},"line":10}},"branchMap":{},"s":{"0":1,"1":8,"2":8,"3":7,"4":6,"5":1,"6":1,"7":1,"8":1},"f":{"0":8,"1":7},"b":{},"_coverageSchema":"1a1c01bbd47fc00a2c39e90264f33305004495a9","hash":"0f8a86273f92b4385e800cde6926e3612bff45d7"}
,"C:\\Users\\User\\Documents\\Dicoding\\backend\\expert\\auth-api\\src\\Interfaces\\http\\api\\users\\index.js": {"path":"C:\\Users\\User\\Documents\\Dicoding\\backend\\expert\\auth-api\\src\\Interfaces\\http\\api\\users\\index.js","statementMap":{"0":{"start":{"line":1,"column":21},"end":{"line":1,"column":41}},"1":{"start":{"line":2,"column":15},"end":{"line":2,"column":34}},"2":{"start":{"line":4,"column":0},"end":{"line":10,"column":2}},"3":{"start":{"line":7,"column":25},"end":{"line":7,"column":52}},"4":{"start":{"line":8,"column":4},"end":{"line":8,"column":39}}},"fnMap":{"0":{"name":"(anonymous_0)","decl":{"start":{"line":6,"column":12},"end":{"line":6,"column":13}},"loc":{"start":{"line":6,"column":45},"end":{"line":9,"column":3}},"line":6}},"branchMap":{},"s":{"0":1,"1":1,"2":1,"3":8,"4":8},"f":{"0":8},"b":{},"_coverageSchema":"1a1c01bbd47fc00a2c39e90264f33305004495a9","hash":"16716dbdd3c95c03b828777b056a228bb6da3b82"}
,"C:\\Users\\User\\Documents\\Dicoding\\backend\\expert\\auth-api\\src\\Interfaces\\http\\api\\users\\routes.js": {"path":"C:\\Users\\User\\Documents\\Dicoding\\backend\\expert\\auth-api\\src\\Interfaces\\http\\api\\users\\routes.js","statementMap":{"0":{"start":{"line":1,"column":15},"end":{"line":7,"column":4}},"1":{"start":{"line":1,"column":29},"end":{"line":7,"column":3}},"2":{"start":{"line":9,"column":2},"end":{"line":9,"column":26}}},"fnMap":{"0":{"name":"(anonymous_0)","decl":{"start":{"line":1,"column":15},"end":{"line":1,"column":16}},"loc":{"start":{"line":1,"column":29},"end":{"line":7,"column":3}},"line":1}},"branchMap":{},"s":{"0":1,"1":8,"2":1},"f":{"0":8},"b":{},"_coverageSchema":"1a1c01bbd47fc00a2c39e90264f33305004495a9","hash":"6a79ff5a43ddbdb66d8a26956fd0d13e56a4c451"}
}
